<?xml version="1.0" encoding="UTF-8"?>
<testng-results ignored="0" total="3" passed="3" failed="0" skipped="0">
  <reporter-output>
  </reporter-output>
  <suite started-at="2022-02-08T21:27:43 IST" name="Suite" finished-at="2022-02-08T21:29:48 IST" duration-ms="124576">
    <groups>
      <group name="secondary">
        <method signature="TestScripts.alllevel()[pri:3, instance:abcd.TestScripts@4b6579e8]" name="alllevel" class="abcd.TestScripts"/>
      </group> <!-- secondary -->
      <group name="smoke">
        <method signature="TestScripts.VerifyCourses()[pri:1, instance:abcd.TestScripts@4b6579e8]" name="VerifyCourses" class="abcd.TestScripts"/>
      </group> <!-- smoke -->
      <group name="Regression">
        <method signature="TestScripts.Form()[pri:2, instance:abcd.TestScripts@4b6579e8]" name="Form" class="abcd.TestScripts"/>
      </group> <!-- Regression -->
    </groups>
    <test started-at="2022-02-08T21:27:43 IST" name="Test" finished-at="2022-02-08T21:29:48 IST" duration-ms="124576">
      <class name="abcd.TestScripts">
        <test-method is-config="true" signature="ExReport()[pri:0, instance:abcd.TestScripts@4b6579e8]" started-at="2022-02-08T21:27:43 IST" name="ExReport" finished-at="2022-02-08T21:27:43 IST" duration-ms="9" status="PASS">
          <reporter-output>
          </reporter-output>
        </test-method> <!-- ExReport -->
        <test-method is-config="true" signature="OpenBrowser()[pri:0, instance:abcd.TestScripts@4b6579e8]" started-at="2022-02-08T21:27:43 IST" name="OpenBrowser" finished-at="2022-02-08T21:27:47 IST" duration-ms="3993" status="PASS">
          <reporter-output>
          </reporter-output>
        </test-method> <!-- OpenBrowser -->
        <test-method signature="VerifyCourses()[pri:1, instance:abcd.TestScripts@4b6579e8]" started-at="2022-02-08T21:27:47 IST" name="VerifyCourses" finished-at="2022-02-08T21:28:37 IST" duration-ms="50033" status="PASS">
          <reporter-output>
          </reporter-output>
        </test-method> <!-- VerifyCourses -->
        <test-method is-config="true" signature="closeBrowser()[pri:0, instance:abcd.TestScripts@4b6579e8]" started-at="2022-02-08T21:28:37 IST" name="closeBrowser" finished-at="2022-02-08T21:28:38 IST" duration-ms="862" status="PASS">
          <reporter-output>
          </reporter-output>
        </test-method> <!-- closeBrowser -->
        <test-method is-config="true" signature="OpenBrowser()[pri:0, instance:abcd.TestScripts@4b6579e8]" started-at="2022-02-08T21:28:38 IST" name="OpenBrowser" finished-at="2022-02-08T21:28:41 IST" duration-ms="2251" status="PASS">
          <reporter-output>
          </reporter-output>
        </test-method> <!-- OpenBrowser -->
        <test-method signature="Form()[pri:2, instance:abcd.TestScripts@4b6579e8]" started-at="2022-02-08T21:28:41 IST" name="Form" finished-at="2022-02-08T21:29:05 IST" duration-ms="24740" status="PASS">
          <reporter-output>
          </reporter-output>
        </test-method> <!-- Form -->
        <test-method is-config="true" signature="closeBrowser()[pri:0, instance:abcd.TestScripts@4b6579e8]" started-at="2022-02-08T21:29:05 IST" name="closeBrowser" finished-at="2022-02-08T21:29:06 IST" duration-ms="815" status="PASS">
          <reporter-output>
          </reporter-output>
        </test-method> <!-- closeBrowser -->
        <test-method is-config="true" signature="OpenBrowser()[pri:0, instance:abcd.TestScripts@4b6579e8]" started-at="2022-02-08T21:29:06 IST" name="OpenBrowser" finished-at="2022-02-08T21:29:08 IST" duration-ms="1539" status="PASS">
          <reporter-output>
          </reporter-output>
        </test-method> <!-- OpenBrowser -->
        <test-method signature="alllevel()[pri:3, instance:abcd.TestScripts@4b6579e8]" started-at="2022-02-08T21:29:08 IST" name="alllevel" finished-at="2022-02-08T21:29:47 IST" duration-ms="38885" status="PASS">
          <reporter-output>
          </reporter-output>
        </test-method> <!-- alllevel -->
        <test-method is-config="true" signature="closeBrowser()[pri:0, instance:abcd.TestScripts@4b6579e8]" started-at="2022-02-08T21:29:47 IST" name="closeBrowser" finished-at="2022-02-08T21:29:47 IST" duration-ms="790" status="PASS">
          <reporter-output>
          </reporter-output>
        </test-method> <!-- closeBrowser -->
        <test-method is-config="true" signature="endReport()[pri:0, instance:abcd.TestScripts@4b6579e8]" started-at="2022-02-08T21:29:47 IST" name="endReport" finished-at="2022-02-08T21:29:48 IST" duration-ms="615" status="PASS">
          <reporter-output>
          </reporter-output>
        </test-method> <!-- endReport -->
      </class> <!-- abcd.TestScripts -->
    </test> <!-- Test -->
  </suite> <!-- Suite -->
</testng-results>
