<?xml version="1.0" encoding="UTF-8"?>
<!-- Generated by org.testng.reporters.JUnitXMLReporter -->
<testsuite ignored="0" hostname="DESKTOP-B40JGHB" failures="0" tests="3" name="Test" time="128.246" errors="0" timestamp="2022-02-08T21:12:36 IST">
  <testcase classname="abcd.TestScripts" name="VerifyCourses" time="49.758"/>
  <testcase classname="abcd.TestScripts" name="Form" time="26.596"/>
  <testcase classname="abcd.TestScripts" name="alllevel" time="38.567"/>
</testsuite> <!-- Test -->
