<?xml version="1.0" encoding="UTF-8"?>
<testng-results ignored="0" total="3" passed="3" failed="0" skipped="0">
  <reporter-output>
  </reporter-output>
  <suite started-at="2022-02-08T21:39:54 IST" name="Default suite" finished-at="2022-02-08T21:42:00 IST" duration-ms="126110">
    <groups>
      <group name="secondary">
        <method signature="TestScripts.alllevel()[pri:3, instance:abcd.TestScripts@698122b2]" name="alllevel" class="abcd.TestScripts"/>
      </group> <!-- secondary -->
      <group name="smoke">
        <method signature="TestScripts.VerifyCourses()[pri:1, instance:abcd.TestScripts@698122b2]" name="VerifyCourses" class="abcd.TestScripts"/>
      </group> <!-- smoke -->
      <group name="Regression">
        <method signature="TestScripts.Form()[pri:2, instance:abcd.TestScripts@698122b2]" name="Form" class="abcd.TestScripts"/>
      </group> <!-- Regression -->
    </groups>
    <test started-at="2022-02-08T21:39:54 IST" name="Default test" finished-at="2022-02-08T21:42:00 IST" duration-ms="126110">
      <class name="abcd.TestScripts">
        <test-method is-config="true" signature="ExReport()[pri:0, instance:abcd.TestScripts@698122b2]" started-at="2022-02-08T21:39:54 IST" name="ExReport" finished-at="2022-02-08T21:39:54 IST" duration-ms="9" status="PASS">
          <reporter-output>
          </reporter-output>
        </test-method> <!-- ExReport -->
        <test-method is-config="true" signature="OpenBrowser()[pri:0, instance:abcd.TestScripts@698122b2]" started-at="2022-02-08T21:39:54 IST" name="OpenBrowser" finished-at="2022-02-08T21:39:58 IST" duration-ms="3895" status="PASS">
          <reporter-output>
          </reporter-output>
        </test-method> <!-- OpenBrowser -->
        <test-method signature="VerifyCourses()[pri:1, instance:abcd.TestScripts@698122b2]" started-at="2022-02-08T21:39:58 IST" name="VerifyCourses" finished-at="2022-02-08T21:40:46 IST" duration-ms="47938" status="PASS">
          <reporter-output>
          </reporter-output>
        </test-method> <!-- VerifyCourses -->
        <test-method is-config="true" signature="closeBrowser()[pri:0, instance:abcd.TestScripts@698122b2]" started-at="2022-02-08T21:40:46 IST" name="closeBrowser" finished-at="2022-02-08T21:40:46 IST" duration-ms="289" status="PASS">
          <reporter-output>
          </reporter-output>
        </test-method> <!-- closeBrowser -->
        <test-method is-config="true" signature="OpenBrowser()[pri:0, instance:abcd.TestScripts@698122b2]" started-at="2022-02-08T21:40:46 IST" name="OpenBrowser" finished-at="2022-02-08T21:40:48 IST" duration-ms="1796" status="PASS">
          <reporter-output>
          </reporter-output>
        </test-method> <!-- OpenBrowser -->
        <test-method signature="Form()[pri:2, instance:abcd.TestScripts@698122b2]" started-at="2022-02-08T21:40:48 IST" name="Form" finished-at="2022-02-08T21:41:17 IST" duration-ms="28946" status="PASS">
          <reporter-output>
          </reporter-output>
        </test-method> <!-- Form -->
        <test-method is-config="true" signature="closeBrowser()[pri:0, instance:abcd.TestScripts@698122b2]" started-at="2022-02-08T21:41:17 IST" name="closeBrowser" finished-at="2022-02-08T21:41:18 IST" duration-ms="745" status="PASS">
          <reporter-output>
          </reporter-output>
        </test-method> <!-- closeBrowser -->
        <test-method is-config="true" signature="OpenBrowser()[pri:0, instance:abcd.TestScripts@698122b2]" started-at="2022-02-08T21:41:18 IST" name="OpenBrowser" finished-at="2022-02-08T21:41:19 IST" duration-ms="1723" status="PASS">
          <reporter-output>
          </reporter-output>
        </test-method> <!-- OpenBrowser -->
        <test-method signature="alllevel()[pri:3, instance:abcd.TestScripts@698122b2]" started-at="2022-02-08T21:41:19 IST" name="alllevel" finished-at="2022-02-08T21:41:59 IST" duration-ms="39958" status="PASS">
          <reporter-output>
          </reporter-output>
        </test-method> <!-- alllevel -->
        <test-method is-config="true" signature="closeBrowser()[pri:0, instance:abcd.TestScripts@698122b2]" started-at="2022-02-08T21:41:59 IST" name="closeBrowser" finished-at="2022-02-08T21:42:00 IST" duration-ms="360" status="PASS">
          <reporter-output>
          </reporter-output>
        </test-method> <!-- closeBrowser -->
        <test-method is-config="true" signature="endReport()[pri:0, instance:abcd.TestScripts@698122b2]" started-at="2022-02-08T21:42:00 IST" name="endReport" finished-at="2022-02-08T21:42:00 IST" duration-ms="406" status="PASS">
          <reporter-output>
          </reporter-output>
        </test-method> <!-- endReport -->
      </class> <!-- abcd.TestScripts -->
    </test> <!-- Default test -->
  </suite> <!-- Default suite -->
</testng-results>
