<?xml version="1.0" encoding="UTF-8"?>
<!-- Generated by org.testng.reporters.JUnitXMLReporter -->
<testsuite ignored="0" hostname="DESKTOP-B40JGHB" failures="0" tests="3" name="Default test" time="109.601" errors="0" timestamp="2022-02-08T21:06:43 IST">
  <testcase classname="abcd.TestScripts" name="VerifyCourses" time="47.171"/>
  <testcase classname="abcd.TestScripts" name="Form" time="21.254"/>
  <testcase classname="abcd.TestScripts" name="alllevel" time="34.236"/>
</testsuite> <!-- Default test -->
