<?xml version="1.0" encoding="UTF-8"?>
<!-- Generated by org.testng.reporters.JUnitXMLReporter -->
<testsuite ignored="0" hostname="DESKTOP-B40JGHB" failures="0" tests="3" name="Default test" time="178.825" errors="0" timestamp="2022-02-08T21:26:53 IST">
  <testcase classname="abcd.TestScripts" name="VerifyCourses" time="107.293"/>
  <testcase classname="abcd.TestScripts" name="Form" time="25.655"/>
  <testcase classname="abcd.TestScripts" name="alllevel" time="38.335"/>
</testsuite> <!-- Default test -->
